<?xml version="1.0" encoding="UTF-8"?>
<coverage generated="1623032484463" clover="3.2.0">
  <project timestamp="1623032484463" name="All files">
    <metrics statements="31" coveredstatements="30" conditionals="4" coveredconditionals="4" methods="10" coveredmethods="9" elements="45" coveredelements="43" complexity="0" loc="31" ncloc="31" packages="4" files="6" classes="6"/>
    <package name="client.src.client-tests">
      <metrics statements="5" coveredstatements="5" conditionals="2" coveredconditionals="2" methods="2" coveredmethods="2"/>
      <file name="example.jsx" path="/Users/yawnsandsmiles/hollinster/client/src/client-tests/example.jsx">
        <metrics statements="5" coveredstatements="5" conditionals="2" coveredconditionals="2" methods="2" coveredmethods="2"/>
        <line num="3" count="1" type="stmt"/>
        <line num="4" count="2" type="stmt"/>
        <line num="6" count="2" type="stmt"/>
        <line num="7" count="1" type="stmt"/>
        <line num="10" count="2" type="stmt"/>
      </file>
    </package>
    <package name="client.src.components.overview">
      <metrics statements="1" coveredstatements="1" conditionals="0" coveredconditionals="0" methods="0" coveredmethods="0"/>
      <file name="sampleData.js" path="/Users/yawnsandsmiles/hollinster/client/src/components/overview/sampleData.js">
        <metrics statements="1" coveredstatements="1" conditionals="0" coveredconditionals="0" methods="0" coveredmethods="0"/>
        <line num="1" count="1" type="stmt"/>
      </file>
    </package>
    <package name="client.src.components.overview.ImgGallery">
      <metrics statements="23" coveredstatements="22" conditionals="2" coveredconditionals="2" methods="7" coveredmethods="6"/>
      <file name="Large.jsx" path="/Users/yawnsandsmiles/hollinster/client/src/components/overview/ImgGallery/Large.jsx">
        <metrics statements="14" coveredstatements="13" conditionals="0" coveredconditionals="0" methods="3" coveredmethods="2"/>
        <line num="7" count="1" type="stmt"/>
        <line num="11" count="1" type="stmt"/>
        <line num="15" count="1" type="stmt"/>
        <line num="21" count="1" type="stmt"/>
        <line num="34" count="1" type="stmt"/>
        <line num="48" count="2" type="stmt"/>
        <line num="49" count="2" type="stmt"/>
        <line num="50" count="2" type="stmt"/>
        <line num="52" count="2" type="stmt"/>
        <line num="53" count="0" type="stmt"/>
        <line num="55" count="2" type="stmt"/>
        <line num="56" count="8" type="stmt"/>
        <line num="59" count="2" type="stmt"/>
        <line num="73" count="1" type="stmt"/>
      </file>
      <file name="Mini.jsx" path="/Users/yawnsandsmiles/hollinster/client/src/components/overview/ImgGallery/Mini.jsx">
        <metrics statements="5" coveredstatements="5" conditionals="2" coveredconditionals="2" methods="2" coveredmethods="2"/>
        <line num="5" count="1" type="stmt"/>
        <line num="8" count="1" type="stmt"/>
        <line num="12" count="12" type="cond" truecount="2" falsecount="0"/>
        <line num="21" count="12" type="stmt"/>
        <line num="30" count="1" type="stmt"/>
      </file>
      <file name="Minis.jsx" path="/Users/yawnsandsmiles/hollinster/client/src/components/overview/ImgGallery/Minis.jsx">
        <metrics statements="4" coveredstatements="4" conditionals="0" coveredconditionals="0" methods="2" coveredmethods="2"/>
        <line num="8" count="2" type="stmt"/>
        <line num="11" count="2" type="stmt"/>
        <line num="14" count="12" type="stmt"/>
        <line num="23" count="1" type="stmt"/>
      </file>
    </package>
    <package name="tests">
      <metrics statements="2" coveredstatements="2" conditionals="0" coveredconditionals="0" methods="1" coveredmethods="1"/>
      <file name="sum.js" path="/Users/yawnsandsmiles/hollinster/tests/sum.js">
        <metrics statements="2" coveredstatements="2" conditionals="0" coveredconditionals="0" methods="1" coveredmethods="1"/>
        <line num="2" count="1" type="stmt"/>
        <line num="4" count="1" type="stmt"/>
      </file>
    </package>
  </project>
</coverage>
