{"/Users/yawnsandsmiles/hollinster/client/src/client-tests/example.jsx": {"path":"/Users/yawnsandsmiles/hollinster/client/src/client-tests/example.jsx","statementMap":{"0":{"start":{"line":3,"column":26},"end":{"line":16,"column":1}},"1":{"start":{"line":4,"column":36},"end":{"line":4,"column":51}},"2":{"start":{"line":6,"column":19},"end":{"line":8,"column":3}},"3":{"start":{"line":7,"column":4},"end":{"line":7,"column":29}},"4":{"start":{"line":10,"column":2},"end":{"line":15,"column":4}}},"fnMap":{"0":{"name":"(anonymous_0)","decl":{"start":{"line":3,"column":26},"end":{"line":3,"column":27}},"loc":{"start":{"line":3,"column":51},"end":{"line":16,"column":1}},"line":3},"1":{"name":"(anonymous_1)","decl":{"start":{"line":6,"column":19},"end":{"line":6,"column":20}},"loc":{"start":{"line":6,"column":25},"end":{"line":8,"column":3}},"line":6}},"branchMap":{"0":{"loc":{"start":{"line":13,"column":7},"end":{"line":13,"column":37}},"type":"cond-expr","locations":[{"start":{"line":13,"column":19},"end":{"line":13,"column":26}},{"start":{"line":13,"column":29},"end":{"line":13,"column":37}}],"line":13}},"s":{"0":1,"1":2,"2":2,"3":1,"4":2},"f":{"0":2,"1":1},"b":{"0":[1,1]},"_coverageSchema":"1a1c01bbd47fc00a2c39e90264f33305004495a9","hash":"46fac0eff0359146f496ed3ea65050586e6f47ef"}
,"/Users/yawnsandsmiles/hollinster/client/src/components/overview/sampleData.js": {"path":"/Users/yawnsandsmiles/hollinster/client/src/components/overview/sampleData.js","statementMap":{"0":{"start":{"line":1,"column":17},"end":{"line":359,"column":1}}},"fnMap":{},"branchMap":{},"s":{"0":1},"f":{},"b":{},"_coverageSchema":"1a1c01bbd47fc00a2c39e90264f33305004495a9","hash":"558f4d85ba2a6fb2578fc2950adc73270c7afe40"}
,"/Users/yawnsandsmiles/hollinster/client/src/components/overview/ImgGallery/Large.jsx": {"path":"/Users/yawnsandsmiles/hollinster/client/src/components/overview/ImgGallery/Large.jsx","statementMap":{"0":{"start":{"line":7,"column":20},"end":{"line":9,"column":1}},"1":{"start":{"line":11,"column":24},"end":{"line":13,"column":1}},"2":{"start":{"line":15,"column":26},"end":{"line":19,"column":1}},"3":{"start":{"line":21,"column":19},"end":{"line":32,"column":1}},"4":{"start":{"line":34,"column":18},"end":{"line":45,"column":1}},"5":{"start":{"line":48,"column":21},"end":{"line":48,"column":33}},"6":{"start":{"line":49,"column":24},"end":{"line":49,"column":25}},"7":{"start":{"line":50,"column":38},"end":{"line":50,"column":71}},"8":{"start":{"line":51,"column":34},"end":{"line":51,"column":50}},"9":{"start":{"line":53,"column":28},"end":{"line":54,"column":3}},"10":{"start":{"line":55,"column":29},"end":{"line":61,"column":3}},"11":{"start":{"line":56,"column":4},"end":{"line":56,"column":25}},"12":{"start":{"line":57,"column":4},"end":{"line":60,"column":5}},"13":{"start":{"line":58,"column":6},"end":{"line":58,"column":45}},"14":{"start":{"line":59,"column":6},"end":{"line":59,"column":27}},"15":{"start":{"line":62,"column":2},"end":{"line":62,"column":30}},"16":{"start":{"line":64,"column":2},"end":{"line":73,"column":4}},"17":{"start":{"line":78,"column":0},"end":{"line":80,"column":2}}},"fnMap":{"0":{"name":"Large","decl":{"start":{"line":47,"column":9},"end":{"line":47,"column":14}},"loc":{"start":{"line":47,"column":33},"end":{"line":74,"column":1}},"line":47},"1":{"name":"(anonymous_1)","decl":{"start":{"line":53,"column":28},"end":{"line":53,"column":29}},"loc":{"start":{"line":53,"column":34},"end":{"line":54,"column":3}},"line":53},"2":{"name":"(anonymous_2)","decl":{"start":{"line":55,"column":29},"end":{"line":55,"column":30}},"loc":{"start":{"line":55,"column":35},"end":{"line":61,"column":3}},"line":55}},"branchMap":{"0":{"loc":{"start":{"line":57,"column":4},"end":{"line":60,"column":5}},"type":"if","locations":[{"start":{"line":57,"column":4},"end":{"line":60,"column":5}},{"start":{"line":57,"column":4},"end":{"line":60,"column":5}}],"line":57}},"s":{"0":1,"1":1,"2":1,"3":1,"4":1,"5":10,"6":10,"7":10,"8":10,"9":10,"10":10,"11":8,"12":8,"13":8,"14":8,"15":10,"16":10,"17":1},"f":{"0":10,"1":0,"2":8},"b":{"0":[8,0]},"_coverageSchema":"1a1c01bbd47fc00a2c39e90264f33305004495a9","hash":"a11f5f0dda8c923958bdc2a9254d24595dd5b13e"}
,"/Users/yawnsandsmiles/hollinster/client/src/components/overview/ImgGallery/Mini.jsx": {"path":"/Users/yawnsandsmiles/hollinster/client/src/components/overview/ImgGallery/Mini.jsx","statementMap":{"0":{"start":{"line":5,"column":18},"end":{"line":7,"column":1}},"1":{"start":{"line":8,"column":21},"end":{"line":18,"column":1}},"2":{"start":{"line":12,"column":31},"end":{"line":12,"column":140}},"3":{"start":{"line":21,"column":2},"end":{"line":25,"column":4}},"4":{"start":{"line":30,"column":0},"end":{"line":32,"column":2}}},"fnMap":{"0":{"name":"(anonymous_0)","decl":{"start":{"line":12,"column":19},"end":{"line":12,"column":20}},"loc":{"start":{"line":12,"column":31},"end":{"line":12,"column":140}},"line":12},"1":{"name":"Mini","decl":{"start":{"line":20,"column":9},"end":{"line":20,"column":13}},"loc":{"start":{"line":20,"column":55},"end":{"line":26,"column":1}},"line":20}},"branchMap":{"0":{"loc":{"start":{"line":12,"column":31},"end":{"line":12,"column":140}},"type":"cond-expr","locations":[{"start":{"line":12,"column":88},"end":{"line":12,"column":113}},{"start":{"line":12,"column":116},"end":{"line":12,"column":140}}],"line":12}},"s":{"0":1,"1":1,"2":48,"3":48,"4":1},"f":{"0":48,"1":48},"b":{"0":[8,40]},"_coverageSchema":"1a1c01bbd47fc00a2c39e90264f33305004495a9","hash":"e57aacb4c9910ef9cc6f5cbc638259c48a3de980"}
,"/Users/yawnsandsmiles/hollinster/client/src/components/overview/ImgGallery/Minis.jsx": {"path":"/Users/yawnsandsmiles/hollinster/client/src/components/overview/ImgGallery/Minis.jsx","statementMap":{"0":{"start":{"line":8,"column":24},"end":{"line":10,"column":3}},"1":{"start":{"line":11,"column":2},"end":{"line":18,"column":4}},"2":{"start":{"line":14,"column":8},"end":{"line":14,"column":67}},"3":{"start":{"line":23,"column":0},"end":{"line":26,"column":2}}},"fnMap":{"0":{"name":"Minis","decl":{"start":{"line":7,"column":9},"end":{"line":7,"column":14}},"loc":{"start":{"line":7,"column":38},"end":{"line":19,"column":1}},"line":7},"1":{"name":"(anonymous_1)","decl":{"start":{"line":13,"column":17},"end":{"line":13,"column":18}},"loc":{"start":{"line":14,"column":8},"end":{"line":14,"column":67}},"line":14}},"branchMap":{},"s":{"0":8,"1":8,"2":48,"3":1},"f":{"0":8,"1":48},"b":{},"_coverageSchema":"1a1c01bbd47fc00a2c39e90264f33305004495a9","hash":"9883ef61bf88b684e7a7b99f7315701ebd82923a"}
,"/Users/yawnsandsmiles/hollinster/tests/sum.js": {"path":"/Users/yawnsandsmiles/hollinster/tests/sum.js","statementMap":{"0":{"start":{"line":2,"column":2},"end":{"line":2,"column":15}},"1":{"start":{"line":4,"column":0},"end":{"line":4,"column":21}}},"fnMap":{"0":{"name":"sum","decl":{"start":{"line":1,"column":9},"end":{"line":1,"column":12}},"loc":{"start":{"line":1,"column":19},"end":{"line":3,"column":1}},"line":1}},"branchMap":{},"s":{"0":1,"1":1},"f":{"0":1},"b":{},"_coverageSchema":"1a1c01bbd47fc00a2c39e90264f33305004495a9","hash":"c8f71f8cbb61c687c31a9613ef0084c8efd3b998"}
}
