TN:
SF:client/src/client-tests/example.jsx
FN:3,(anonymous_0)
FN:6,(anonymous_1)
FNF:2
FNH:2
FNDA:2,(anonymous_0)
FNDA:1,(anonymous_1)
DA:3,1
DA:4,2
DA:6,2
DA:7,1
DA:10,2
LF:5
LH:5
BRDA:13,0,0,1
BRDA:13,0,1,1
BRF:2
BRH:2
end_of_record
TN:
SF:client/src/components/overview/sampleData.js
FNF:0
FNH:0
DA:1,1
LF:1
LH:1
BRF:0
BRH:0
end_of_record
TN:
SF:client/src/components/overview/ImgGallery/Large.jsx
FN:47,Large
FN:52,(anonymous_1)
FN:55,(anonymous_2)
FNF:3
FNH:2
FNDA:2,Large
FNDA:0,(anonymous_1)
FNDA:8,(anonymous_2)
DA:7,1
DA:11,1
DA:15,1
DA:21,1
DA:34,1
DA:48,2
DA:49,2
DA:50,2
DA:52,2
DA:53,0
DA:55,2
DA:56,8
DA:59,2
DA:73,1
LF:14
LH:13
BRF:0
BRH:0
end_of_record
TN:
SF:client/src/components/overview/ImgGallery/Mini.jsx
FN:12,(anonymous_0)
FN:20,Mini
FNF:2
FNH:2
FNDA:12,(anonymous_0)
FNDA:12,Mini
DA:5,1
DA:8,1
DA:12,12
DA:21,12
DA:30,1
LF:5
LH:5
BRDA:12,0,0,2
BRDA:12,0,1,10
BRF:2
BRH:2
end_of_record
TN:
SF:client/src/components/overview/ImgGallery/Minis.jsx
FN:7,Minis
FN:13,(anonymous_1)
FNF:2
FNH:2
FNDA:2,Minis
FNDA:12,(anonymous_1)
DA:8,2
DA:11,2
DA:14,12
DA:23,1
LF:4
LH:4
BRF:0
BRH:0
end_of_record
TN:
SF:tests/sum.js
FN:1,sum
FNF:1
FNH:1
FNDA:1,sum
DA:2,1
DA:4,1
LF:2
LH:2
BRF:0
BRH:0
end_of_record
