TN:
SF:client/src/client-tests/example.jsx
FN:3,(anonymous_0)
FN:6,(anonymous_1)
FNF:2
FNH:2
FNDA:2,(anonymous_0)
FNDA:1,(anonymous_1)
DA:3,1
DA:4,2
DA:6,2
DA:7,1
DA:10,2
LF:5
LH:5
BRDA:13,0,0,1
BRDA:13,0,1,1
BRF:2
BRH:2
end_of_record
TN:
SF:client/src/components/overview/sampleData.js
FNF:0
FNH:0
DA:1,1
LF:1
LH:1
BRF:0
BRH:0
end_of_record
TN:
SF:client/src/components/overview/ImgGallery/Large.jsx
FN:27,Large
FN:34,(anonymous_1)
FN:40,(anonymous_2)
FNF:3
FNH:3
FNDA:12,Large
FNDA:2,(anonymous_1)
FNDA:9,(anonymous_2)
DA:7,1
DA:10,1
DA:15,1
DA:18,1
DA:22,1
DA:28,12
DA:29,12
DA:30,12
DA:31,12
DA:32,12
DA:34,12
DA:35,2
DA:36,1
DA:37,1
DA:40,12
DA:41,9
DA:42,7
DA:43,7
DA:47,12
DA:61,1
LF:20
LH:20
BRDA:35,0,0,1
BRDA:35,0,1,1
BRDA:41,1,0,7
BRDA:41,1,1,2
BRF:4
BRH:4
end_of_record
TN:
SF:client/src/components/overview/ImgGallery/Mini.jsx
FN:12,(anonymous_0)
FN:20,Mini
FNF:2
FNH:2
FNDA:72,(anonymous_0)
FNDA:72,Mini
DA:5,1
DA:8,1
DA:12,72
DA:21,72
DA:30,1
LF:5
LH:5
BRDA:12,0,0,12
BRDA:12,0,1,60
BRF:2
BRH:2
end_of_record
TN:
SF:client/src/components/overview/ImgGallery/Minis.jsx
FN:7,Minis
FN:13,(anonymous_1)
FNF:2
FNH:2
FNDA:12,Minis
FNDA:72,(anonymous_1)
DA:8,12
DA:11,12
DA:14,72
DA:23,1
LF:4
LH:4
BRF:0
BRH:0
end_of_record
TN:
SF:tests/sum.js
FN:1,sum
FNF:1
FNH:1
FNDA:1,sum
DA:2,1
DA:4,1
LF:2
LH:2
BRF:0
BRH:0
end_of_record
